mode: set
github.com/begonia-org/go-sdk/constant.go:11.40,13.2 1 0
github.com/begonia-org/go-sdk/constant.go:15.42,18.47 3 0
github.com/begonia-org/go-sdk/constant.go:18.47,20.3 1 0
github.com/begonia-org/go-sdk/constant.go:21.2,21.12 1 0
github.com/begonia-org/go-sdk/errors.go:21.39,23.2 1 0
github.com/begonia-org/go-sdk/errors.go:24.45,27.2 1 0
github.com/begonia-org/go-sdk/errors.go:31.44,32.32 1 0
github.com/begonia-org/go-sdk/errors.go:32.32,34.3 1 0
github.com/begonia-org/go-sdk/errors.go:38.97,40.9 2 0
github.com/begonia-org/go-sdk/errors.go:40.9,43.3 2 0
github.com/begonia-org/go-sdk/errors.go:44.2,46.15 3 0
github.com/begonia-org/go-sdk/errors.go:46.15,48.3 1 0
github.com/begonia-org/go-sdk/errors.go:50.2,59.27 2 0
github.com/begonia-org/go-sdk/errors.go:59.27,61.3 1 0
github.com/begonia-org/go-sdk/errors.go:62.2,64.16 3 0
github.com/begonia-org/go-sdk/errors.go:64.16,66.3 1 0
github.com/begonia-org/go-sdk/errors.go:67.2,68.16 2 0
github.com/begonia-org/go-sdk/errors.go:68.16,71.3 1 0
github.com/begonia-org/go-sdk/errors.go:72.2,72.17 1 0
github.com/begonia-org/go-sdk/errors.go:75.35,77.2 1 0
github.com/begonia-org/go-sdk/errors.go:78.33,80.2 1 0
github.com/begonia-org/go-sdk/escape.go:8.32,9.122 1 0
github.com/begonia-org/go-sdk/escape.go:9.122,11.3 1 0
github.com/begonia-org/go-sdk/escape.go:12.2,12.13 1 0
github.com/begonia-org/go-sdk/escape.go:14.30,16.30 2 0
github.com/begonia-org/go-sdk/escape.go:16.30,18.22 2 0
github.com/begonia-org/go-sdk/escape.go:18.22,20.4 1 0
github.com/begonia-org/go-sdk/escape.go:23.2,23.19 1 0
github.com/begonia-org/go-sdk/escape.go:23.19,25.3 1 0
github.com/begonia-org/go-sdk/escape.go:27.2,29.30 3 0
github.com/begonia-org/go-sdk/escape.go:29.30,30.21 1 0
github.com/begonia-org/go-sdk/escape.go:31.24,35.10 4 0
github.com/begonia-org/go-sdk/escape.go:36.11,38.7 2 0
github.com/begonia-org/go-sdk/escape.go:41.2,41.18 1 0
github.com/begonia-org/go-sdk/plugin.go:26.28,28.2 1 0
github.com/begonia-org/go-sdk/plugin.go:29.33,31.2 1 0
github.com/begonia-org/go-sdk/plugin.go:32.38,34.2 1 0
github.com/begonia-org/go-sdk/signature.go:54.48,57.2 1 1
github.com/begonia-org/go-sdk/signature.go:58.48,61.2 1 1
github.com/begonia-org/go-sdk/signature.go:62.41,64.2 1 0
github.com/begonia-org/go-sdk/signature.go:65.41,67.27 2 1
github.com/begonia-org/go-sdk/signature.go:67.27,69.3 1 0
github.com/begonia-org/go-sdk/signature.go:70.2,70.13 1 1
github.com/begonia-org/go-sdk/signature.go:72.50,75.2 2 0
github.com/begonia-org/go-sdk/signature.go:76.40,78.2 1 1
github.com/begonia-org/go-sdk/signature.go:81.59,82.34 1 0
github.com/begonia-org/go-sdk/signature.go:82.34,84.3 1 0
github.com/begonia-org/go-sdk/signature.go:85.2,88.16 4 0
github.com/begonia-org/go-sdk/signature.go:88.16,92.3 2 0
github.com/begonia-org/go-sdk/signature.go:93.2,93.31 1 0
github.com/begonia-org/go-sdk/signature.go:93.31,95.3 1 0
github.com/begonia-org/go-sdk/signature.go:96.2,96.23 1 0
github.com/begonia-org/go-sdk/signature.go:96.23,98.3 1 0
github.com/begonia-org/go-sdk/signature.go:99.2,100.16 2 0
github.com/begonia-org/go-sdk/signature.go:100.16,104.3 2 0
github.com/begonia-org/go-sdk/signature.go:105.2,105.13 1 0
github.com/begonia-org/go-sdk/signature.go:108.114,116.8 7 0
github.com/begonia-org/go-sdk/signature.go:116.8,117.24 1 0
github.com/begonia-org/go-sdk/signature.go:117.24,118.48 1 0
github.com/begonia-org/go-sdk/signature.go:118.48,120.5 1 0
github.com/begonia-org/go-sdk/signature.go:121.4,121.35 1 0
github.com/begonia-org/go-sdk/signature.go:121.35,123.5 1 0
github.com/begonia-org/go-sdk/signature.go:124.4,124.45 1 0
github.com/begonia-org/go-sdk/signature.go:124.45,126.5 1 0
github.com/begonia-org/go-sdk/signature.go:127.4,127.48 1 0
github.com/begonia-org/go-sdk/signature.go:127.48,129.5 1 0
github.com/begonia-org/go-sdk/signature.go:131.4,132.26 2 0
github.com/begonia-org/go-sdk/signature.go:132.26,134.32 2 0
github.com/begonia-org/go-sdk/signature.go:134.32,136.6 1 0
github.com/begonia-org/go-sdk/signature.go:137.5,137.35 1 0
github.com/begonia-org/go-sdk/signature.go:139.4,139.45 1 0
github.com/begonia-org/go-sdk/signature.go:142.2,145.19 4 0
github.com/begonia-org/go-sdk/signature.go:145.19,147.3 1 0
github.com/begonia-org/go-sdk/signature.go:150.2,157.8 2 0
github.com/begonia-org/go-sdk/signature.go:159.76,162.31 2 0
github.com/begonia-org/go-sdk/signature.go:162.31,165.43 1 0
github.com/begonia-org/go-sdk/signature.go:165.43,166.12 1 0
github.com/begonia-org/go-sdk/signature.go:168.3,168.39 1 0
github.com/begonia-org/go-sdk/signature.go:171.2,172.21 2 0
github.com/begonia-org/go-sdk/signature.go:172.21,175.3 2 0
github.com/begonia-org/go-sdk/signature.go:176.2,177.20 2 0
github.com/begonia-org/go-sdk/signature.go:177.20,180.3 1 0
github.com/begonia-org/go-sdk/signature.go:181.2,181.114 1 0
github.com/begonia-org/go-sdk/signature.go:183.57,185.2 1 1
github.com/begonia-org/go-sdk/signature.go:186.90,188.53 2 1
github.com/begonia-org/go-sdk/signature.go:188.53,190.3 1 0
github.com/begonia-org/go-sdk/signature.go:191.2,191.25 1 1
github.com/begonia-org/go-sdk/signature.go:195.113,198.65 3 1
github.com/begonia-org/go-sdk/signature.go:198.65,200.3 1 0
github.com/begonia-org/go-sdk/signature.go:200.8,202.17 2 1
github.com/begonia-org/go-sdk/signature.go:202.17,204.4 1 0
github.com/begonia-org/go-sdk/signature.go:205.3,206.17 2 1
github.com/begonia-org/go-sdk/signature.go:206.17,208.4 1 0
github.com/begonia-org/go-sdk/signature.go:210.2,210.237 1 1
github.com/begonia-org/go-sdk/signature.go:214.76,217.28 3 1
github.com/begonia-org/go-sdk/signature.go:217.28,219.3 1 1
github.com/begonia-org/go-sdk/signature.go:220.2,221.57 2 1
github.com/begonia-org/go-sdk/signature.go:221.57,223.3 1 1
github.com/begonia-org/go-sdk/signature.go:225.2,225.16 1 1
github.com/begonia-org/go-sdk/signature.go:229.84,232.28 3 1
github.com/begonia-org/go-sdk/signature.go:232.28,234.3 1 0
github.com/begonia-org/go-sdk/signature.go:235.2,237.27 3 1
github.com/begonia-org/go-sdk/signature.go:237.27,240.35 3 0
github.com/begonia-org/go-sdk/signature.go:240.35,243.4 2 0
github.com/begonia-org/go-sdk/signature.go:245.2,248.17 3 1
github.com/begonia-org/go-sdk/signature.go:252.104,255.44 3 1
github.com/begonia-org/go-sdk/signature.go:255.44,258.3 2 1
github.com/begonia-org/go-sdk/signature.go:259.2,259.36 1 1
github.com/begonia-org/go-sdk/signature.go:259.36,261.42 2 1
github.com/begonia-org/go-sdk/signature.go:261.42,263.4 1 0
github.com/begonia-org/go-sdk/signature.go:265.3,267.99 2 1
github.com/begonia-org/go-sdk/signature.go:270.2,270.45 1 1
github.com/begonia-org/go-sdk/signature.go:274.73,276.37 2 1
github.com/begonia-org/go-sdk/signature.go:276.37,277.51 1 1
github.com/begonia-org/go-sdk/signature.go:277.51,279.4 1 0
github.com/begonia-org/go-sdk/signature.go:280.3,280.35 1 1
github.com/begonia-org/go-sdk/signature.go:280.35,281.12 1 0
github.com/begonia-org/go-sdk/signature.go:283.3,283.62 1 1
github.com/begonia-org/go-sdk/signature.go:285.2,286.22 2 1
github.com/begonia-org/go-sdk/signature.go:290.94,291.28 1 1
github.com/begonia-org/go-sdk/signature.go:291.28,293.3 1 1
github.com/begonia-org/go-sdk/signature.go:295.2,300.31 4 0
github.com/begonia-org/go-sdk/signature.go:304.98,307.16 3 1
github.com/begonia-org/go-sdk/signature.go:307.16,309.3 1 0
github.com/begonia-org/go-sdk/signature.go:310.2,311.71 1 1
github.com/begonia-org/go-sdk/signature.go:315.104,318.2 2 1
github.com/begonia-org/go-sdk/signature.go:321.87,326.6 4 1
github.com/begonia-org/go-sdk/signature.go:326.6,328.34 2 1
github.com/begonia-org/go-sdk/signature.go:328.34,330.4 1 0
github.com/begonia-org/go-sdk/signature.go:331.3,331.13 1 1
github.com/begonia-org/go-sdk/signature.go:331.13,332.9 1 1
github.com/begonia-org/go-sdk/signature.go:334.3,334.28 1 1
github.com/begonia-org/go-sdk/signature.go:337.2,337.52 1 1
github.com/begonia-org/go-sdk/signature.go:341.113,343.2 1 1
github.com/begonia-org/go-sdk/signature.go:346.77,348.45 2 1
github.com/begonia-org/go-sdk/signature.go:348.45,349.46 1 0
github.com/begonia-org/go-sdk/signature.go:349.46,350.41 1 0
github.com/begonia-org/go-sdk/signature.go:350.41,352.5 1 0
github.com/begonia-org/go-sdk/signature.go:355.2,358.61 4 1
github.com/begonia-org/go-sdk/signature.go:358.61,360.17 2 0
github.com/begonia-org/go-sdk/signature.go:360.17,362.4 1 0
github.com/begonia-org/go-sdk/signature.go:363.3,363.36 1 0
github.com/begonia-org/go-sdk/signature.go:363.36,365.4 1 0
github.com/begonia-org/go-sdk/signature.go:367.2,367.30 1 1
github.com/begonia-org/go-sdk/signature.go:367.30,371.3 2 1
github.com/begonia-org/go-sdk/signature.go:372.2,377.16 4 1
github.com/begonia-org/go-sdk/signature.go:377.16,379.3 1 0
github.com/begonia-org/go-sdk/signature.go:381.2,383.16 2 1
github.com/begonia-org/go-sdk/signature.go:383.16,385.3 1 0
github.com/begonia-org/go-sdk/signature.go:386.2,388.16 2 1
github.com/begonia-org/go-sdk/signature.go:388.16,390.3 1 0
github.com/begonia-org/go-sdk/signature.go:392.2,392.26 1 1
github.com/begonia-org/go-sdk/signature.go:394.73,396.27 2 0
github.com/begonia-org/go-sdk/signature.go:396.27,397.60 1 0
github.com/begonia-org/go-sdk/signature.go:397.60,400.4 2 0
github.com/begonia-org/go-sdk/signature.go:402.2,402.12 1 0
github.com/begonia-org/go-sdk/signature.go:404.74,406.45 2 1
github.com/begonia-org/go-sdk/signature.go:406.45,407.46 1 0
github.com/begonia-org/go-sdk/signature.go:407.46,408.41 1 0
github.com/begonia-org/go-sdk/signature.go:408.41,410.5 1 0
github.com/begonia-org/go-sdk/signature.go:413.2,414.16 2 1
github.com/begonia-org/go-sdk/signature.go:414.16,416.3 1 0
github.com/begonia-org/go-sdk/signature.go:417.2,418.12 2 1
