mode: set
github.com/begonia-org/begonia/signature/escape.go:8.32,9.122 1 0
github.com/begonia-org/begonia/signature/escape.go:9.122,11.3 1 0
github.com/begonia-org/begonia/signature/escape.go:12.2,12.13 1 0
github.com/begonia-org/begonia/signature/escape.go:14.30,16.30 2 0
github.com/begonia-org/begonia/signature/escape.go:16.30,18.22 2 0
github.com/begonia-org/begonia/signature/escape.go:18.22,20.4 1 0
github.com/begonia-org/begonia/signature/escape.go:23.2,23.19 1 0
github.com/begonia-org/begonia/signature/escape.go:23.19,25.3 1 0
github.com/begonia-org/begonia/signature/escape.go:27.2,29.30 3 0
github.com/begonia-org/begonia/signature/escape.go:29.30,30.21 1 0
github.com/begonia-org/begonia/signature/escape.go:31.24,35.10 4 0
github.com/begonia-org/begonia/signature/escape.go:36.11,38.7 2 0
github.com/begonia-org/begonia/signature/escape.go:41.2,41.18 1 0
github.com/begonia-org/begonia/signature/signature.go:55.48,58.2 1 0
github.com/begonia-org/begonia/signature/signature.go:59.48,62.2 1 0
github.com/begonia-org/begonia/signature/signature.go:63.41,65.2 1 0
github.com/begonia-org/begonia/signature/signature.go:66.41,68.27 2 0
github.com/begonia-org/begonia/signature/signature.go:68.27,70.3 1 0
github.com/begonia-org/begonia/signature/signature.go:71.2,71.13 1 0
github.com/begonia-org/begonia/signature/signature.go:73.50,76.2 2 0
github.com/begonia-org/begonia/signature/signature.go:77.40,79.2 1 0
github.com/begonia-org/begonia/signature/signature.go:80.114,86.8 6 0
github.com/begonia-org/begonia/signature/signature.go:86.8,87.24 1 0
github.com/begonia-org/begonia/signature/signature.go:87.24,88.48 1 0
github.com/begonia-org/begonia/signature/signature.go:88.48,90.5 1 0
github.com/begonia-org/begonia/signature/signature.go:91.4,91.35 1 0
github.com/begonia-org/begonia/signature/signature.go:91.35,93.5 1 0
github.com/begonia-org/begonia/signature/signature.go:94.4,94.45 1 0
github.com/begonia-org/begonia/signature/signature.go:94.45,96.5 1 0
github.com/begonia-org/begonia/signature/signature.go:97.4,97.40 1 0
github.com/begonia-org/begonia/signature/signature.go:100.2,109.8 3 0
github.com/begonia-org/begonia/signature/signature.go:111.76,114.31 2 0
github.com/begonia-org/begonia/signature/signature.go:114.31,116.3 1 0
github.com/begonia-org/begonia/signature/signature.go:117.2,119.146 3 0
github.com/begonia-org/begonia/signature/signature.go:121.57,123.2 1 0
github.com/begonia-org/begonia/signature/signature.go:124.90,126.53 2 0
github.com/begonia-org/begonia/signature/signature.go:126.53,128.3 1 0
github.com/begonia-org/begonia/signature/signature.go:129.2,129.25 1 0
github.com/begonia-org/begonia/signature/signature.go:133.113,136.65 3 0
github.com/begonia-org/begonia/signature/signature.go:136.65,138.3 1 0
github.com/begonia-org/begonia/signature/signature.go:138.8,140.17 2 0
github.com/begonia-org/begonia/signature/signature.go:140.17,142.4 1 0
github.com/begonia-org/begonia/signature/signature.go:143.3,144.17 2 0
github.com/begonia-org/begonia/signature/signature.go:144.17,146.4 1 0
github.com/begonia-org/begonia/signature/signature.go:148.2,148.220 1 0
github.com/begonia-org/begonia/signature/signature.go:152.76,155.28 3 0
github.com/begonia-org/begonia/signature/signature.go:155.28,157.3 1 0
github.com/begonia-org/begonia/signature/signature.go:158.2,159.57 2 0
github.com/begonia-org/begonia/signature/signature.go:159.57,161.3 1 0
github.com/begonia-org/begonia/signature/signature.go:163.2,163.16 1 0
github.com/begonia-org/begonia/signature/signature.go:167.84,170.28 3 0
github.com/begonia-org/begonia/signature/signature.go:170.28,172.3 1 0
github.com/begonia-org/begonia/signature/signature.go:173.2,175.27 3 0
github.com/begonia-org/begonia/signature/signature.go:175.27,178.35 3 0
github.com/begonia-org/begonia/signature/signature.go:178.35,181.4 2 0
github.com/begonia-org/begonia/signature/signature.go:183.2,186.17 3 0
github.com/begonia-org/begonia/signature/signature.go:190.104,193.44 3 0
github.com/begonia-org/begonia/signature/signature.go:193.44,195.3 1 0
github.com/begonia-org/begonia/signature/signature.go:196.2,196.36 1 0
github.com/begonia-org/begonia/signature/signature.go:196.36,198.42 2 0
github.com/begonia-org/begonia/signature/signature.go:198.42,200.4 1 0
github.com/begonia-org/begonia/signature/signature.go:201.3,207.99 4 0
github.com/begonia-org/begonia/signature/signature.go:210.2,210.45 1 0
github.com/begonia-org/begonia/signature/signature.go:214.73,216.37 2 0
github.com/begonia-org/begonia/signature/signature.go:216.37,217.51 1 0
github.com/begonia-org/begonia/signature/signature.go:217.51,219.4 1 0
github.com/begonia-org/begonia/signature/signature.go:220.3,220.35 1 0
github.com/begonia-org/begonia/signature/signature.go:220.35,221.12 1 0
github.com/begonia-org/begonia/signature/signature.go:223.3,223.62 1 0
github.com/begonia-org/begonia/signature/signature.go:225.2,226.22 2 0
github.com/begonia-org/begonia/signature/signature.go:230.87,231.28 1 0
github.com/begonia-org/begonia/signature/signature.go:231.28,233.3 1 0
github.com/begonia-org/begonia/signature/signature.go:234.2,235.16 2 0
github.com/begonia-org/begonia/signature/signature.go:235.16,237.3 1 0
github.com/begonia-org/begonia/signature/signature.go:238.2,239.22 2 0
github.com/begonia-org/begonia/signature/signature.go:243.98,246.16 3 0
github.com/begonia-org/begonia/signature/signature.go:246.16,248.3 1 0
github.com/begonia-org/begonia/signature/signature.go:249.2,250.71 1 0
github.com/begonia-org/begonia/signature/signature.go:254.104,257.2 2 0
github.com/begonia-org/begonia/signature/signature.go:260.80,262.20 2 0
github.com/begonia-org/begonia/signature/signature.go:262.20,264.3 1 0
github.com/begonia-org/begonia/signature/signature.go:265.2,266.52 2 0
github.com/begonia-org/begonia/signature/signature.go:270.113,272.2 1 0
github.com/begonia-org/begonia/signature/signature.go:275.77,279.62 4 0
github.com/begonia-org/begonia/signature/signature.go:279.62,281.36 2 0
github.com/begonia-org/begonia/signature/signature.go:281.36,283.4 1 0
github.com/begonia-org/begonia/signature/signature.go:285.2,285.30 1 0
github.com/begonia-org/begonia/signature/signature.go:285.30,288.3 2 0
github.com/begonia-org/begonia/signature/signature.go:289.2,295.16 6 0
github.com/begonia-org/begonia/signature/signature.go:295.16,297.3 1 0
github.com/begonia-org/begonia/signature/signature.go:298.2,300.16 3 0
github.com/begonia-org/begonia/signature/signature.go:300.16,302.3 1 0
github.com/begonia-org/begonia/signature/signature.go:303.2,305.16 2 0
github.com/begonia-org/begonia/signature/signature.go:305.16,307.3 1 0
github.com/begonia-org/begonia/signature/signature.go:309.2,309.26 1 0
github.com/begonia-org/begonia/signature/signature.go:311.73,313.27 2 0
github.com/begonia-org/begonia/signature/signature.go:313.27,314.60 1 0
github.com/begonia-org/begonia/signature/signature.go:314.60,318.4 2 0
github.com/begonia-org/begonia/signature/signature.go:320.2,320.12 1 0
github.com/begonia-org/begonia/signature/signature.go:322.74,324.16 2 0
github.com/begonia-org/begonia/signature/signature.go:324.16,326.3 1 0
github.com/begonia-org/begonia/signature/signature.go:327.2,328.12 2 0
